<?xml version="1.0" encoding="UTF-8"?>
<!-- Generated by org.testng.reporters.JUnitXMLReporter -->
<testsuite hostname="dk" ignored="1" name="Default test" tests="11" failures="0" timestamp="23 Jan 2019 14:06:37 GMT" time="0.071" errors="0">
  <testcase name="test9" time="0.013" classname="org.framework.Welcome"/>
  <testcase name="test10" time="0.0" classname="org.framework.Welcome"/>
  <testcase name="test12" time="0.0" classname="org.framework.Welcome"/>
  <testcase name="test6" time="0.015" classname="org.framework.Employee"/>
  <testcase name="test7" time="0.0" classname="org.framework.Employee"/>
  <testcase name="test8" time="0.0" classname="org.framework.Employee"/>
  <testcase name="test1" time="0.0" classname="org.framework.Hello"/>
  <testcase name="test2" time="0.016" classname="org.framework.Hello"/>
  <testcase name="test3" time="0.0" classname="org.framework.Hello"/>
  <testcase name="test4" time="0.0" classname="org.framework.Hello"/>
  <testcase name="test5" time="0.0" classname="org.framework.Employee"/>
  <testcase name="test11" time="0.0" classname="org.framework.Welcome">
    <ignored/>
  </testcase> <!-- test11 -->
</testsuite> <!-- Default test -->
