<?xml version="1.0" encoding="UTF-8"?>
<!-- Generated by org.testng.reporters.JUnitXMLReporter -->
<testsuite hostname="dk" ignored="0" name="Test1" tests="12" failures="0" timestamp="23 Jan 2019 09:58:58 GMT" time="0.107" errors="0">
  <testcase name="test10" time="0.001" classname="org.framework.Welcome"/>
  <testcase name="test11" time="0.001" classname="org.framework.Welcome"/>
  <testcase name="test12" time="0.001" classname="org.framework.Welcome"/>
  <testcase name="test9" time="0.004" classname="org.framework.Welcome"/>
  <testcase name="test5" time="0.002" classname="org.framework.Employee"/>
  <testcase name="test6" time="0.011" classname="org.framework.Employee"/>
  <testcase name="test7" time="0.002" classname="org.framework.Employee"/>
  <testcase name="test8" time="0.003" classname="org.framework.Employee"/>
  <testcase name="test1" time="0.002" classname="org.framework.Hello"/>
  <testcase name="test2" time="0.005" classname="org.framework.Hello"/>
  <testcase name="test3" time="0.001" classname="org.framework.Hello"/>
  <testcase name="test4" time="0.003" classname="org.framework.Hello"/>
</testsuite> <!-- Test1 -->
